<?xml version="1.0" encoding="UTF-8"?>
<!-- Generated by org.testng.reporters.JUnitReportReporter -->
<testsuite hostname="e4f755d820ed58d" failures="0" tests="10" name="testrunner" time="150.357" errors="0" timestamp="2025-11-25T15:50:29 IST" skipped="0">
  <testcase classname="testrunner" name="runScenario" time="15.417"/>
  <system-out/>
  <testcase classname="testrunner" name="runScenario" time="17.073"/>
  <system-out/>
  <testcase classname="testrunner" name="runScenario" time="17.392"/>
  <system-out/>
  <testcase classname="testrunner" name="runScenario" time="13.827"/>
  <system-out/>
  <testcase classname="testrunner" name="runScenario" time="11.870"/>
  <system-out/>
  <testcase classname="testrunner" name="runScenario" time="11.966"/>
  <system-out/>
  <testcase classname="testrunner" name="runScenario" time="18.762"/>
  <system-out/>
  <testcase classname="testrunner" name="runScenario" time="12.053"/>
  <system-out/>
  <testcase classname="testrunner" name="runScenario" time="13.049"/>
  <system-out/>
  <testcase classname="testrunner" name="runScenario" time="18.948"/>
  <system-out/>
</testsuite> <!-- testrunner -->
