<?xml version="1.0" encoding="UTF-8"?>
<!-- Generated by org.testng.reporters.JUnitReportReporter -->
<testsuite hostname="e4f755d820ed58d" failures="0" tests="10" name="testrunner" time="230.656" errors="0" timestamp="2025-11-26T15:45:42 IST" skipped="0">
  <testcase classname="testrunner" name="runScenario" time="18.752"/>
  <system-out/>
  <testcase classname="testrunner" name="runScenario" time="100.768"/>
  <system-out/>
  <testcase classname="testrunner" name="runScenario" time="14.159"/>
  <system-out/>
  <testcase classname="testrunner" name="runScenario" time="12.519"/>
  <system-out/>
  <testcase classname="testrunner" name="runScenario" time="12.368"/>
  <system-out/>
  <testcase classname="testrunner" name="runScenario" time="18.249"/>
  <system-out/>
  <testcase classname="testrunner" name="runScenario" time="16.610"/>
  <system-out/>
  <testcase classname="testrunner" name="runScenario" time="12.512"/>
  <system-out/>
  <testcase classname="testrunner" name="runScenario" time="12.339"/>
  <system-out/>
  <testcase classname="testrunner" name="runScenario" time="12.380"/>
  <system-out/>
</testsuite> <!-- testrunner -->
