<?xml version="1.0" encoding="UTF-8"?>
<testng-results ignored="0" total="10" passed="10" failed="0" skipped="0">
  <reporter-output>
  </reporter-output>
  <suite started-at="2025-11-26T15:41:50 IST" name="Suite" finished-at="2025-11-26T15:45:41 IST" duration-ms="231251">
    <groups>
      <group name="cucumber">
        <method signature="AbstractTestNGCucumberTests.runScenario(io.cucumber.testng.PickleWrapper, io.cucumber.testng.FeatureWrapper)[pri:0, instance:testrunner@55f616cf]" name="runScenario" class="io.cucumber.testng.AbstractTestNGCucumberTests"/>
      </group> <!-- cucumber -->
    </groups>
    <test started-at="2025-11-26T15:41:50 IST" name="Runner" finished-at="2025-11-26T15:45:41 IST" duration-ms="231215">
      <class name="testrunner">
        <test-method is-config="true" signature="setUpClass()[pri:0, instance:testrunner@55f616cf]" started-at="2025-11-26T15:41:50 IST" name="setUpClass" finished-at="2025-11-26T15:41:51 IST" duration-ms="463" status="PASS">
          <reporter-output>
          </reporter-output>
        </test-method> <!-- setUpClass -->
        <test-method signature="runScenario(io.cucumber.testng.PickleWrapper, io.cucumber.testng.FeatureWrapper)[pri:0, instance:testrunner@55f616cf]" started-at="2025-11-26T15:41:51 IST" name="runScenario" description="Runs Cucumber Scenarios" data-provider="scenarios" finished-at="2025-11-26T15:42:09 IST" duration-ms="18752" status="PASS">
          <params>
            <param index="0">
              <value>
                <![CDATA["User adds an item to cart"]]>
              </value>
            </param>
            <param index="1">
              <value>
                <![CDATA["Optional[Add to cart]"]]>
              </value>
            </param>
          </params>
          <reporter-output>
          </reporter-output>
        </test-method> <!-- runScenario -->
        <test-method signature="runScenario(io.cucumber.testng.PickleWrapper, io.cucumber.testng.FeatureWrapper)[pri:0, instance:testrunner@55f616cf]" started-at="2025-11-26T15:42:09 IST" name="runScenario" description="Runs Cucumber Scenarios" data-provider="scenarios" finished-at="2025-11-26T15:42:24 IST" duration-ms="14159" status="PASS">
          <params>
            <param index="0">
              <value>
                <![CDATA["System shows correct item count"]]>
              </value>
            </param>
            <param index="1">
              <value>
                <![CDATA["Optional[Headphone count]"]]>
              </value>
            </param>
          </params>
          <reporter-output>
          </reporter-output>
        </test-method> <!-- runScenario -->
        <test-method signature="runScenario(io.cucumber.testng.PickleWrapper, io.cucumber.testng.FeatureWrapper)[pri:0, instance:testrunner@55f616cf]" started-at="2025-11-26T15:42:24 IST" name="runScenario" description="Runs Cucumber Scenarios" data-provider="scenarios" finished-at="2025-11-26T15:44:04 IST" duration-ms="100768" status="PASS">
          <params>
            <param index="0">
              <value>
                <![CDATA["System should not show any duplicate products"]]>
              </value>
            </param>
            <param index="1">
              <value>
                <![CDATA["Optional[No duplicate feature]"]]>
              </value>
            </param>
          </params>
          <reporter-output>
          </reporter-output>
        </test-method> <!-- runScenario -->
        <test-method signature="runScenario(io.cucumber.testng.PickleWrapper, io.cucumber.testng.FeatureWrapper)[pri:0, instance:testrunner@55f616cf]" started-at="2025-11-26T15:44:04 IST" name="runScenario" description="Runs Cucumber Scenarios" data-provider="scenarios" finished-at="2025-11-26T15:44:21 IST" duration-ms="16610" status="PASS">
          <params>
            <param index="0">
              <value>
                <![CDATA["User gives valid details"]]>
              </value>
            </param>
            <param index="1">
              <value>
                <![CDATA["Optional[Register Page]"]]>
              </value>
            </param>
          </params>
          <reporter-output>
          </reporter-output>
        </test-method> <!-- runScenario -->
        <test-method signature="runScenario(io.cucumber.testng.PickleWrapper, io.cucumber.testng.FeatureWrapper)[pri:0, instance:testrunner@55f616cf]" started-at="2025-11-26T15:44:21 IST" name="runScenario" description="Runs Cucumber Scenarios" data-provider="scenarios" finished-at="2025-11-26T15:44:34 IST" duration-ms="12519" status="PASS">
          <params>
            <param index="0">
              <value>
                <![CDATA["User gives invalid details"]]>
              </value>
            </param>
            <param index="1">
              <value>
                <![CDATA["Optional[Register Page]"]]>
              </value>
            </param>
          </params>
          <reporter-output>
          </reporter-output>
        </test-method> <!-- runScenario -->
        <test-method signature="runScenario(io.cucumber.testng.PickleWrapper, io.cucumber.testng.FeatureWrapper)[pri:0, instance:testrunner@55f616cf]" started-at="2025-11-26T15:44:34 IST" name="runScenario" description="Runs Cucumber Scenarios" data-provider="scenarios" finished-at="2025-11-26T15:44:46 IST" duration-ms="12339" status="PASS">
          <params>
            <param index="0">
              <value>
                <![CDATA["User gives invalid details"]]>
              </value>
            </param>
            <param index="1">
              <value>
                <![CDATA["Optional[Register Page]"]]>
              </value>
            </param>
          </params>
          <reporter-output>
          </reporter-output>
        </test-method> <!-- runScenario -->
        <test-method signature="runScenario(io.cucumber.testng.PickleWrapper, io.cucumber.testng.FeatureWrapper)[pri:0, instance:testrunner@55f616cf]" started-at="2025-11-26T15:44:46 IST" name="runScenario" description="Runs Cucumber Scenarios" data-provider="scenarios" finished-at="2025-11-26T15:44:58 IST" duration-ms="12380" status="PASS">
          <params>
            <param index="0">
              <value>
                <![CDATA["User gives invalid details"]]>
              </value>
            </param>
            <param index="1">
              <value>
                <![CDATA["Optional[Register Page]"]]>
              </value>
            </param>
          </params>
          <reporter-output>
          </reporter-output>
        </test-method> <!-- runScenario -->
        <test-method signature="runScenario(io.cucumber.testng.PickleWrapper, io.cucumber.testng.FeatureWrapper)[pri:0, instance:testrunner@55f616cf]" started-at="2025-11-26T15:44:58 IST" name="runScenario" description="Runs Cucumber Scenarios" data-provider="scenarios" finished-at="2025-11-26T15:45:16 IST" duration-ms="18249" status="PASS">
          <params>
            <param index="0">
              <value>
                <![CDATA["User removes a product from cart"]]>
              </value>
            </param>
            <param index="1">
              <value>
                <![CDATA["Optional[Remove from cart]"]]>
              </value>
            </param>
          </params>
          <reporter-output>
          </reporter-output>
        </test-method> <!-- runScenario -->
        <test-method signature="runScenario(io.cucumber.testng.PickleWrapper, io.cucumber.testng.FeatureWrapper)[pri:0, instance:testrunner@55f616cf]" started-at="2025-11-26T15:45:16 IST" name="runScenario" description="Runs Cucumber Scenarios" data-provider="scenarios" finished-at="2025-11-26T15:45:29 IST" duration-ms="12512" status="PASS">
          <params>
            <param index="0">
              <value>
                <![CDATA["User searches for a valid product"]]>
              </value>
            </param>
            <param index="1">
              <value>
                <![CDATA["Optional[Search bar]"]]>
              </value>
            </param>
          </params>
          <reporter-output>
          </reporter-output>
        </test-method> <!-- runScenario -->
        <test-method signature="runScenario(io.cucumber.testng.PickleWrapper, io.cucumber.testng.FeatureWrapper)[pri:0, instance:testrunner@55f616cf]" started-at="2025-11-26T15:45:29 IST" name="runScenario" description="Runs Cucumber Scenarios" data-provider="scenarios" finished-at="2025-11-26T15:45:41 IST" duration-ms="12368" status="PASS">
          <params>
            <param index="0">
              <value>
                <![CDATA["User searches for an invalid product"]]>
              </value>
            </param>
            <param index="1">
              <value>
                <![CDATA["Optional[Search bar]"]]>
              </value>
            </param>
          </params>
          <reporter-output>
          </reporter-output>
        </test-method> <!-- runScenario -->
        <test-method is-config="true" signature="tearDownClass()[pri:0, instance:testrunner@55f616cf]" started-at="2025-11-26T15:45:41 IST" name="tearDownClass" finished-at="2025-11-26T15:45:41 IST" duration-ms="44" status="PASS">
          <reporter-output>
          </reporter-output>
        </test-method> <!-- tearDownClass -->
      </class> <!-- testrunner -->
    </test> <!-- Runner -->
    <test started-at="2025-11-26T15:45:41 IST" name="Reporter" finished-at="2025-11-26T15:45:41 IST" duration-ms="0">
      <class name="utilities.reporter">
        <test-method is-config="true" signature="beforeSuite()[pri:0, instance:utilities.reporter@482bce4f]" started-at="2025-11-26T15:41:50 IST" name="beforeSuite" finished-at="2025-11-26T15:41:50 IST" duration-ms="134" status="PASS">
          <reporter-output>
          </reporter-output>
        </test-method> <!-- beforeSuite -->
        <test-method is-config="true" signature="afterSuite()[pri:0, instance:utilities.reporter@482bce4f]" started-at="2025-11-26T15:45:41 IST" name="afterSuite" finished-at="2025-11-26T15:45:42 IST" duration-ms="265" status="PASS">
          <reporter-output>
          </reporter-output>
        </test-method> <!-- afterSuite -->
      </class> <!-- utilities.reporter -->
    </test> <!-- Reporter -->
  </suite> <!-- Suite -->
</testng-results>
