<?xml version="1.0" encoding="UTF-8"?>
<testng-results ignored="0" total="10" passed="10" failed="0" skipped="0">
  <reporter-output>
  </reporter-output>
  <suite started-at="2025-11-25T15:47:57 IST" name="Suite" finished-at="2025-11-25T15:50:28 IST" duration-ms="150948">
    <groups>
      <group name="cucumber">
        <method signature="AbstractTestNGCucumberTests.runScenario(io.cucumber.testng.PickleWrapper, io.cucumber.testng.FeatureWrapper)[pri:0, instance:testrunner@16267862]" name="runScenario" class="io.cucumber.testng.AbstractTestNGCucumberTests"/>
      </group> <!-- cucumber -->
    </groups>
    <test started-at="2025-11-25T15:47:57 IST" name="Runner" finished-at="2025-11-25T15:50:28 IST" duration-ms="150923">
      <class name="testrunner">
        <test-method is-config="true" signature="setUpClass()[pri:0, instance:testrunner@16267862]" started-at="2025-11-25T15:47:57 IST" name="setUpClass" finished-at="2025-11-25T15:47:58 IST" duration-ms="488" status="PASS">
          <reporter-output>
          </reporter-output>
        </test-method> <!-- setUpClass -->
        <test-method signature="runScenario(io.cucumber.testng.PickleWrapper, io.cucumber.testng.FeatureWrapper)[pri:0, instance:testrunner@16267862]" started-at="2025-11-25T15:47:58 IST" name="runScenario" description="Runs Cucumber Scenarios" data-provider="scenarios" finished-at="2025-11-25T15:48:17 IST" duration-ms="18948" status="PASS">
          <params>
            <param index="0">
              <value>
                <![CDATA["User adds an item to cart"]]>
              </value>
            </param>
            <param index="1">
              <value>
                <![CDATA["Optional[Add to cart]"]]>
              </value>
            </param>
          </params>
          <reporter-output>
          </reporter-output>
        </test-method> <!-- runScenario -->
        <test-method signature="runScenario(io.cucumber.testng.PickleWrapper, io.cucumber.testng.FeatureWrapper)[pri:0, instance:testrunner@16267862]" started-at="2025-11-25T15:48:17 IST" name="runScenario" description="Runs Cucumber Scenarios" data-provider="scenarios" finished-at="2025-11-25T15:48:32 IST" duration-ms="15417" status="PASS">
          <params>
            <param index="0">
              <value>
                <![CDATA["System shows correct item count"]]>
              </value>
            </param>
            <param index="1">
              <value>
                <![CDATA["Optional[Headphone count]"]]>
              </value>
            </param>
          </params>
          <reporter-output>
          </reporter-output>
        </test-method> <!-- runScenario -->
        <test-method signature="runScenario(io.cucumber.testng.PickleWrapper, io.cucumber.testng.FeatureWrapper)[pri:0, instance:testrunner@16267862]" started-at="2025-11-25T15:48:32 IST" name="runScenario" description="Runs Cucumber Scenarios" data-provider="scenarios" finished-at="2025-11-25T15:48:49 IST" duration-ms="17073" status="PASS">
          <params>
            <param index="0">
              <value>
                <![CDATA["System should not show any duplicate products"]]>
              </value>
            </param>
            <param index="1">
              <value>
                <![CDATA["Optional[No duplicate feature]"]]>
              </value>
            </param>
          </params>
          <reporter-output>
          </reporter-output>
        </test-method> <!-- runScenario -->
        <test-method signature="runScenario(io.cucumber.testng.PickleWrapper, io.cucumber.testng.FeatureWrapper)[pri:0, instance:testrunner@16267862]" started-at="2025-11-25T15:48:49 IST" name="runScenario" description="Runs Cucumber Scenarios" data-provider="scenarios" finished-at="2025-11-25T15:49:08 IST" duration-ms="18762" status="PASS">
          <params>
            <param index="0">
              <value>
                <![CDATA["User gives valid details"]]>
              </value>
            </param>
            <param index="1">
              <value>
                <![CDATA["Optional[Register Page]"]]>
              </value>
            </param>
          </params>
          <reporter-output>
          </reporter-output>
        </test-method> <!-- runScenario -->
        <test-method signature="runScenario(io.cucumber.testng.PickleWrapper, io.cucumber.testng.FeatureWrapper)[pri:0, instance:testrunner@16267862]" started-at="2025-11-25T15:49:08 IST" name="runScenario" description="Runs Cucumber Scenarios" data-provider="scenarios" finished-at="2025-11-25T15:49:21 IST" duration-ms="13049" status="PASS">
          <params>
            <param index="0">
              <value>
                <![CDATA["User gives invalid details"]]>
              </value>
            </param>
            <param index="1">
              <value>
                <![CDATA["Optional[Register Page]"]]>
              </value>
            </param>
          </params>
          <reporter-output>
          </reporter-output>
        </test-method> <!-- runScenario -->
        <test-method signature="runScenario(io.cucumber.testng.PickleWrapper, io.cucumber.testng.FeatureWrapper)[pri:0, instance:testrunner@16267862]" started-at="2025-11-25T15:49:21 IST" name="runScenario" description="Runs Cucumber Scenarios" data-provider="scenarios" finished-at="2025-11-25T15:49:33 IST" duration-ms="11966" status="PASS">
          <params>
            <param index="0">
              <value>
                <![CDATA["User gives invalid details"]]>
              </value>
            </param>
            <param index="1">
              <value>
                <![CDATA["Optional[Register Page]"]]>
              </value>
            </param>
          </params>
          <reporter-output>
          </reporter-output>
        </test-method> <!-- runScenario -->
        <test-method signature="runScenario(io.cucumber.testng.PickleWrapper, io.cucumber.testng.FeatureWrapper)[pri:0, instance:testrunner@16267862]" started-at="2025-11-25T15:49:33 IST" name="runScenario" description="Runs Cucumber Scenarios" data-provider="scenarios" finished-at="2025-11-25T15:49:45 IST" duration-ms="12053" status="PASS">
          <params>
            <param index="0">
              <value>
                <![CDATA["User gives invalid details"]]>
              </value>
            </param>
            <param index="1">
              <value>
                <![CDATA["Optional[Register Page]"]]>
              </value>
            </param>
          </params>
          <reporter-output>
          </reporter-output>
        </test-method> <!-- runScenario -->
        <test-method signature="runScenario(io.cucumber.testng.PickleWrapper, io.cucumber.testng.FeatureWrapper)[pri:0, instance:testrunner@16267862]" started-at="2025-11-25T15:49:45 IST" name="runScenario" description="Runs Cucumber Scenarios" data-provider="scenarios" finished-at="2025-11-25T15:50:03 IST" duration-ms="17392" status="PASS">
          <params>
            <param index="0">
              <value>
                <![CDATA["User removes a product from cart"]]>
              </value>
            </param>
            <param index="1">
              <value>
                <![CDATA["Optional[Remove from cart]"]]>
              </value>
            </param>
          </params>
          <reporter-output>
          </reporter-output>
        </test-method> <!-- runScenario -->
        <test-method signature="runScenario(io.cucumber.testng.PickleWrapper, io.cucumber.testng.FeatureWrapper)[pri:0, instance:testrunner@16267862]" started-at="2025-11-25T15:50:03 IST" name="runScenario" description="Runs Cucumber Scenarios" data-provider="scenarios" finished-at="2025-11-25T15:50:16 IST" duration-ms="13827" status="PASS">
          <params>
            <param index="0">
              <value>
                <![CDATA["User searches for a valid product"]]>
              </value>
            </param>
            <param index="1">
              <value>
                <![CDATA["Optional[Search bar]"]]>
              </value>
            </param>
          </params>
          <reporter-output>
          </reporter-output>
        </test-method> <!-- runScenario -->
        <test-method signature="runScenario(io.cucumber.testng.PickleWrapper, io.cucumber.testng.FeatureWrapper)[pri:0, instance:testrunner@16267862]" started-at="2025-11-25T15:50:16 IST" name="runScenario" description="Runs Cucumber Scenarios" data-provider="scenarios" finished-at="2025-11-25T15:50:28 IST" duration-ms="11870" status="PASS">
          <params>
            <param index="0">
              <value>
                <![CDATA["User searches for an invalid product"]]>
              </value>
            </param>
            <param index="1">
              <value>
                <![CDATA["Optional[Search bar]"]]>
              </value>
            </param>
          </params>
          <reporter-output>
          </reporter-output>
        </test-method> <!-- runScenario -->
        <test-method is-config="true" signature="tearDownClass()[pri:0, instance:testrunner@16267862]" started-at="2025-11-25T15:50:28 IST" name="tearDownClass" finished-at="2025-11-25T15:50:28 IST" duration-ms="43" status="PASS">
          <reporter-output>
          </reporter-output>
        </test-method> <!-- tearDownClass -->
      </class> <!-- testrunner -->
    </test> <!-- Runner -->
    <test started-at="2025-11-25T15:50:28 IST" name="Reporter" finished-at="2025-11-25T15:50:28 IST" duration-ms="0">
      <class name="utilities.reporter">
        <test-method is-config="true" signature="beforeSuite()[pri:0, instance:utilities.reporter@69b794e2]" started-at="2025-11-25T15:47:57 IST" name="beforeSuite" finished-at="2025-11-25T15:47:57 IST" duration-ms="132" status="PASS">
          <reporter-output>
          </reporter-output>
        </test-method> <!-- beforeSuite -->
        <test-method is-config="true" signature="afterSuite()[pri:0, instance:utilities.reporter@69b794e2]" started-at="2025-11-25T15:50:28 IST" name="afterSuite" finished-at="2025-11-25T15:50:29 IST" duration-ms="223" status="PASS">
          <reporter-output>
          </reporter-output>
        </test-method> <!-- afterSuite -->
      </class> <!-- utilities.reporter -->
    </test> <!-- Reporter -->
  </suite> <!-- Suite -->
</testng-results>
